{
  "stats": {
    "suites": 1,
    "tests": 2,
    "passes": 2,
    "pending": 0,
    "failures": 0,
    "start": "2026-02-17T13:35:42.781Z",
    "end": "2026-02-17T13:35:45.929Z",
    "duration": 3148,
    "testsRegistered": 2,
    "passPercent": 100,
    "pendingPercent": 0,
    "other": 0,
    "hasOther": false,
    "skipped": 0,
    "hasSkipped": false
  },
  "results": [
    {
      "uuid": "0003bdd0-f437-4efc-b4f9-0e6244bc9729",
      "title": "",
      "fullFile": "cypress\\e2e\\table-list.spec.js",
      "file": "cypress\\e2e\\table-list.spec.js",
      "beforeHooks": [],
      "afterHooks": [],
      "tests": [],
      "suites": [
        {
          "uuid": "5e3d6564-c7dc-4157-a392-0e00982f3f91",
          "title": "Handling tables and lists",
          "fullFile": "",
          "file": "",
          "beforeHooks": [],
          "afterHooks": [],
          "tests": [
            {
              "title": "list-test",
              "fullTitle": "Handling tables and lists list-test",
              "timedOut": null,
              "duration": 1375,
              "state": "passed",
              "speed": "fast",
              "pass": true,
              "fail": false,
              "pending": false,
              "context": "{\n  \"title\": \"cypress-mochawesome-reporter-videos-passed\",\n  \"value\": \"cypress\\\\e2e\\\\table-list.spec.js\"\n}",
              "code": "var expectedmobilenames = [\"Apple iPhone 12, 128GB, Black\", \"Huawei Mate 20 Lite, 64GB, Black\", \"Samsung Galaxy A32, 128GB, White\", \"Apple iPhone 13, 128GB, Blue\", \"Nokia 105, Black\"];\ncy.visit(\"https://qa-practice.netlify.app/products_list\");\nlet mobilenames;\ncy.get(\"span.shop-item-title\").then($elements => {\n  mobilenames = $elements.toArray().map(element => element.innerText);\n  expect(mobilenames).to.deep.eq(expectedmobilenames);\n  expect(mobilenames).to.include(\"Apple iPhone 12, 128GB, Black\");\n});",
              "err": {},
              "uuid": "37749bf7-3310-4e44-bb49-b3060c0dbfaa",
              "parentUUID": "5e3d6564-c7dc-4157-a392-0e00982f3f91",
              "isHook": false,
              "skipped": false
            },
            {
              "title": "table-test",
              "fullTitle": "Handling tables and lists table-test",
              "timedOut": null,
              "duration": 234,
              "state": "passed",
              "speed": "fast",
              "pass": true,
              "fail": false,
              "pending": false,
              "context": "{\n  \"title\": \"cypress-mochawesome-reporter-videos-passed\",\n  \"value\": \"cypress\\\\e2e\\\\table-list.spec.js\"\n}",
              "code": "cy.visit(\"https://qa-practice.netlify.app/web-table\");\ncy.get(\"table#peopleTable tr td:nth-child(4)\").contains(\"el_icarus@yahoo.com\").should(\"be.visible\");",
              "err": {},
              "uuid": "b1e9506c-0e9c-4112-946e-203b3fa31031",
              "parentUUID": "5e3d6564-c7dc-4157-a392-0e00982f3f91",
              "isHook": false,
              "skipped": false
            }
          ],
          "suites": [],
          "passes": [
            "37749bf7-3310-4e44-bb49-b3060c0dbfaa",
            "b1e9506c-0e9c-4112-946e-203b3fa31031"
          ],
          "failures": [],
          "pending": [],
          "skipped": [],
          "duration": 1609,
          "root": false,
          "rootEmpty": false,
          "_timeout": 2000
        }
      ],
      "passes": [],
      "failures": [],
      "pending": [],
      "skipped": [],
      "duration": 0,
      "root": true,
      "rootEmpty": true,
      "_timeout": 2000
    }
  ],
  "meta": {
    "mocha": {
      "version": "7.2.0"
    },
    "mochawesome": {
      "options": {
        "quiet": false,
        "reportFilename": "mochawesome",
        "saveHtml": true,
        "saveJson": true,
        "consoleReporter": "spec",
        "useInlineDiffs": false,
        "code": true
      },
      "version": "7.1.4"
    },
    "marge": {
      "options": null,
      "version": "6.3.2"
    }
  }
}